[2017-09-01 10:54:49 http] This page not found! | File:  | Line: 0
[2017-09-01 10:55:20 http] This page not found! | File:  | Line: 0
[2017-09-01 10:55:42 http] This page not found! | File: /var/www/html/toKernel.3/tokernel.framework/Kernel/HTTP/Runner.php | Line: 26
[2017-09-01 10:56:34 http] This page not found! | File: /var/www/html/toKernel.3/tokernel.framework/Kernel/HTTP/Runner.php | Line: 26
[2017-09-01 11:07:46 http] This page not found! | File: /var/www/html/toKernel.3/tokernel.framework/Kernel/HTTP/Runner.php | Line: 38
[2017-09-01 11:13:12 http] Addon example not exists! | File: /var/www/html/toKernel.3/tokernel.framework/Kernel/HTTP/Runner.php | Line: 22
[2017-09-01 11:14:43 http] Addon examples not exists! | File: /var/www/html/toKernel.3/tokernel.framework/Kernel/HTTP/Runner.php | Line: 22
[2017-09-01 11:17:47 http] Addon examples not exists! | File: /var/www/html/toKernel.3/tokernel.framework/Kernel/HTTP/Runner.php | Line: 23
[2017-09-01 11:18:21 http] Addon examples not exists! | File: /var/www/html/toKernel.3/tokernel.framework/Kernel/HTTP/Runner.php | Line: 23
[2017-09-01 11:21:17 http] Action http_test_web_paged() of Addon Example not exists! | File: /var/www/html/toKernel.3/tokernel.framework/Kernel/HTTP/Runner.php | Line: 47
[2017-09-01 11:21:47 http] Action http_test_web_paged() of Addon Example not exists! | File: /var/www/html/toKernel.3/tokernel.framework/Kernel/HTTP/Runner.php | Line: 47
[2017-09-01 11:21:56 http] Action http_test_web_paged() of Addon Example not exists! | File: /var/www/html/toKernel.3/tokernel.framework/Kernel/HTTP/Runner.php | Line: 47
[2017-09-01 11:32:43 http] Addon ome not exists! | File: /var/www/html/toKernel.3/tokernel.framework/Kernel/HTTP/Runner.php | Line: 23
[2017-09-01 11:32:53 http] Addon ome not exists! | File: /var/www/html/toKernel.3/tokernel.framework/Kernel/HTTP/Runner.php | Line: 23
[2017-09-01 11:33:02 http] Addon ome not exists! | File: /var/www/html/toKernel.3/tokernel.framework/Kernel/HTTP/Runner.php | Line: 23
[2017-09-01 11:33:05 http] Addon l.3 not exists! | File: /var/www/html/toKernel.3/tokernel.framework/Kernel/HTTP/Runner.php | Line: 23
[2017-09-01 11:33:24 http] Addon tokernel.3 not exists! | File: /var/www/html/toKernel.3/tokernel.framework/Kernel/HTTP/Runner.php | Line: 23
[2017-09-01 11:33:50 http] Addon ome not exists! | File: /var/www/html/toKernel.3/tokernel.framework/Kernel/HTTP/Runner.php | Line: 23
[2017-09-01 11:42:09 http] Addon ome not exists! | File: /var/www/html/toKernel.3/tokernel.framework/Kernel/HTTP/Runner.php | Line: 23
[2017-09-01 11:43:59 http] Addon ome not exists! | File: /var/www/html/toKernel.3/tokernel.framework/Kernel/HTTP/Runner.php | Line: 23
[2017-09-01 11:52:16 http] Addon ome not exists! | File: /var/www/html/toKernel.3/tokernel.framework/Kernel/HTTP/Runner.php | Line: 23
[2017-09-01 11:57:41 http] Addon some not exists! | File: /var/www/html/toKernel.3/tokernel.framework/Kernel/HTTP/Runner.php | Line: 23
[2017-09-01 12:26:10 http] Addon tokernel.3 not exists! | File: /var/www/html/toKernel.3/tokernel.framework/Kernel/HTTP/Runner.php | Line: 23
[2017-09-01 12:26:41 http] Addon tokernel.3 not exists! | File: /var/www/html/toKernel.3/tokernel.framework/Kernel/HTTP/Runner.php | Line: 23
[2017-09-01 12:27:02 http] Addon tokernel.3 not exists! | File: /var/www/html/toKernel.3/tokernel.framework/Kernel/HTTP/Runner.php | Line: 23
[2017-09-01 12:27:48 http] Addon l.3 not exists! | File: /var/www/html/toKernel.3/tokernel.framework/Kernel/HTTP/Runner.php | Line: 23
[2017-09-01 12:27:55 http] Addon l.3 not exists! | File: /var/www/html/toKernel.3/tokernel.framework/Kernel/HTTP/Runner.php | Line: 23
[2017-09-01 12:28:27 http] Addon l.3 not exists! | File: /var/www/html/toKernel.3/tokernel.framework/Kernel/HTTP/Runner.php | Line: 23
[2017-09-01 12:30:28 http] Addon .3 not exists! | File: /var/www/html/toKernel.3/tokernel.framework/Kernel/HTTP/Runner.php | Line: 23
[2017-09-01 12:31:46 http] Addon l.3 not exists! | File: /var/www/html/toKernel.3/tokernel.framework/Kernel/HTTP/Runner.php | Line: 23
[2017-09-01 12:32:38 http] Addon l.3 not exists! | File: /var/www/html/toKernel.3/tokernel.framework/Kernel/HTTP/Runner.php | Line: 23
[2017-09-01 12:35:05 http] Addon l.3 not exists! | File: /var/www/html/toKernel.3/tokernel.framework/Kernel/HTTP/Runner.php | Line: 23
[2017-09-01 12:36:02 http] Addon l.3 not exists! | File: /var/www/html/toKernel.3/tokernel.framework/Kernel/HTTP/Runner.php | Line: 23
[2017-09-01 12:56:44 http] Addon y not exists! | File: /var/www/html/toKernel.3/tokernel.framework/Kernel/HTTP/Runner.php | Line: 23
[2017-09-01 12:56:51 http] Addon y not exists! | File: /var/www/html/toKernel.3/tokernel.framework/Kernel/HTTP/Runner.php | Line: 23
[2017-09-01 12:56:57 http] Addon y not exists! | File: /var/www/html/toKernel.3/tokernel.framework/Kernel/HTTP/Runner.php | Line: 23
[2017-09-01 13:11:51 http] Addon tokernel.3 not exists! | File: /var/www/html/toKernel.3/tokernel.framework/Kernel/HTTP/Runner.php | Line: 33
[2017-09-01 14:07:51 http] Addon xample not exists! | File: /var/www/html/toKernel.3/tokernel.framework/Kernel/HTTP/Runner.php | Line: 37
[2017-09-01 14:07:56 http] Addon xample not exists! | File: /var/www/html/toKernel.3/tokernel.framework/Kernel/HTTP/Runner.php | Line: 37
[2017-09-01 14:10:11 http] Addon xample not exists! | File: /var/www/html/toKernel.3/tokernel.framework/Kernel/HTTP/Runner.php | Line: 37
[2017-09-01 14:10:15 http] Addon ome not exists! | File: /var/www/html/toKernel.3/tokernel.framework/Kernel/HTTP/Runner.php | Line: 37
[2017-09-01 14:10:19 http] Addon sdsd not exists! | File: /var/www/html/toKernel.3/tokernel.framework/Kernel/HTTP/Runner.php | Line: 37
[2017-09-01 14:10:35 http] Addon tokernel.3 not exists! | File: /var/www/html/toKernel.3/tokernel.framework/Kernel/HTTP/Runner.php | Line: 37
[2017-09-01 14:13:08 http] Addon tokernel.3 not exists! | File: /var/www/html/toKernel.3/tokernel.framework/Kernel/HTTP/Runner.php | Line: 37
[2017-09-01 14:13:14 http] Addon ome not exists! | File: /var/www/html/toKernel.3/tokernel.framework/Kernel/HTTP/Runner.php | Line: 37
[2017-09-01 14:13:32 http] Addon u not exists! | File: /var/www/html/toKernel.3/tokernel.framework/Kernel/HTTP/Runner.php | Line: 37
[2017-09-01 14:13:40 http] Addon ome not exists! | File: /var/www/html/toKernel.3/tokernel.framework/Kernel/HTTP/Runner.php | Line: 37
[2017-09-01 14:13:43 http] Addon ome not exists! | File: /var/www/html/toKernel.3/tokernel.framework/Kernel/HTTP/Runner.php | Line: 37
[2017-09-01 14:18:49 http] Addon tokernel.3 not exists! | File: /var/www/html/toKernel.3/tokernel.framework/Kernel/HTTP/Runner.php | Line: 37
[2017-09-01 14:24:05 http] Addon tokernel.3 not exists! | File: /var/www/html/toKernel.3/tokernel.framework/Kernel/HTTP/Runner.php | Line: 37
[2017-09-01 14:24:15 http] Addon tokernel.3 not exists! | File: /var/www/html/toKernel.3/tokernel.framework/Kernel/HTTP/Runner.php | Line: 37
[2017-09-01 14:25:20 http] Addon some not exists! | File: /var/www/html/toKernel.3/tokernel.framework/Kernel/HTTP/Runner.php | Line: 37
[2017-09-01 14:25:27 http] Addon tokernel.3 not exists! | File: /var/www/html/toKernel.3/tokernel.framework/Kernel/HTTP/Runner.php | Line: 37
[2017-09-01 14:25:56 http] Addon exampled not exists! | File: /var/www/html/toKernel.3/tokernel.framework/Kernel/HTTP/Runner.php | Line: 37
[2017-09-01 14:26:52 http] Addon exampled not exists! | File: /var/www/html/toKernel.3/tokernel.framework/Kernel/HTTP/Runner.php | Line: 37
[2017-09-01 14:26:56 http] Addon some not exists! | File: /var/www/html/toKernel.3/tokernel.framework/Kernel/HTTP/Runner.php | Line: 37
[2017-09-01 14:27:04 http] Addon some not exists! | File: /var/www/html/toKernel.3/tokernel.framework/Kernel/HTTP/Runner.php | Line: 37
[2017-09-01 14:27:06 http] Addon some not exists! | File: /var/www/html/toKernel.3/tokernel.framework/Kernel/HTTP/Runner.php | Line: 37
[2017-09-01 14:27:09 http] Addon some not exists! | File: /var/www/html/toKernel.3/tokernel.framework/Kernel/HTTP/Runner.php | Line: 37
[2017-09-01 14:28:36 http] Addon some not exists! | File: /var/www/html/toKernel.3/tokernel.framework/Kernel/HTTP/Runner.php | Line: 37
[2017-09-01 14:28:54 http] Addon some not exists! | File: /var/www/html/toKernel.3/tokernel.framework/Kernel/HTTP/Runner.php | Line: 37
[2017-09-01 14:29:10 http] Addon some not exists! | File: /var/www/html/toKernel.3/tokernel.framework/Kernel/HTTP/Runner.php | Line: 37
[2017-09-01 14:29:37 http] Addon some not exists! | File: /var/www/html/toKernel.3/tokernel.framework/Kernel/HTTP/Runner.php | Line: 37
[2017-09-01 14:30:52 http] Addon some not exists! | File: /var/www/html/toKernel.3/tokernel.framework/Kernel/HTTP/Runner.php | Line: 37
[2017-09-01 14:30:57 http] Addon exampled not exists! | File: /var/www/html/toKernel.3/tokernel.framework/Kernel/HTTP/Runner.php | Line: 37
[2017-09-01 14:31:03 http] Addon exampled not exists! | File: /var/www/html/toKernel.3/tokernel.framework/Kernel/HTTP/Runner.php | Line: 37
[2017-09-01 14:31:07 http] Addon exampled not exists! | File: /var/www/html/toKernel.3/tokernel.framework/Kernel/HTTP/Runner.php | Line: 37
[2017-09-01 14:39:36 http] Addon exampled not exists! | File: /var/www/html/toKernel.3/tokernel.framework/Kernel/HTTP/Runner.php | Line: 37
[2017-09-01 14:39:44 http] Addon exampled not exists! | File: /var/www/html/toKernel.3/tokernel.framework/Kernel/HTTP/Runner.php | Line: 37
[2017-09-01 14:40:03 http] Addon exampled not exists! | File: /var/www/html/toKernel.3/tokernel.framework/Kernel/HTTP/Runner.php | Line: 37
[2017-09-01 14:42:59 http] Addon exampled not exists! | File: /var/www/html/toKernel.3/tokernel.framework/Kernel/HTTP/Runner.php | Line: 37
[2017-09-01 14:43:16 http] Addon sdsd not exists! | File: /var/www/html/toKernel.3/tokernel.framework/Kernel/HTTP/Runner.php | Line: 37
[2017-09-01 14:43:23 http] Addon sdsd not exists! | File: /var/www/html/toKernel.3/tokernel.framework/Kernel/HTTP/Runner.php | Line: 37
[2017-09-01 14:43:51 http] Addon sdsd not exists! | File: /var/www/html/toKernel.3/tokernel.framework/Kernel/HTTP/Runner.php | Line: 37
[2017-09-01 14:43:59 http] Addon tokernel.3 not exists! | File: /var/www/html/toKernel.3/tokernel.framework/Kernel/HTTP/Runner.php | Line: 37
[2017-09-01 15:06:26 http] Addon tokernel.3 not exists! | File: /var/www/html/toKernel.3/tokernel.framework/Kernel/HTTP/Runner.php | Line: 37
[2017-09-01 15:06:32 http] Addon tokernel.3 not exists! | File: /var/www/html/toKernel.3/tokernel.framework/Kernel/HTTP/Runner.php | Line: 37
[2017-09-01 15:06:49 http] Addon tokernel.3 not exists! | File: /var/www/html/toKernel.3/tokernel.framework/Kernel/HTTP/Runner.php | Line: 37
[2017-09-01 15:06:52 http] Addon tokernel.3 not exists! | File: /var/www/html/toKernel.3/tokernel.framework/Kernel/HTTP/Runner.php | Line: 37
[2017-09-01 15:07:02 http] Addon exampled not exists! | File: /var/www/html/toKernel.3/tokernel.framework/Kernel/HTTP/Runner.php | Line: 37
[2017-09-01 15:07:06 http] Addon sdsd not exists! | File: /var/www/html/toKernel.3/tokernel.framework/Kernel/HTTP/Runner.php | Line: 37
[2017-09-01 15:07:22 http] Addon ru not exists! | File: /var/www/html/toKernel.3/tokernel.framework/Kernel/HTTP/Runner.php | Line: 37
[2017-09-01 15:08:30 http] Addon ru not exists! | File: /var/www/html/toKernel.3/tokernel.framework/Kernel/HTTP/Runner.php | Line: 37
[2017-09-01 15:08:38 http] Addon ru not exists! | File: /var/www/html/toKernel.3/tokernel.framework/Kernel/HTTP/Runner.php | Line: 37
[2017-09-01 15:08:57 http] Addon ru not exists! | File: /var/www/html/toKernel.3/tokernel.framework/Kernel/HTTP/Runner.php | Line: 37
[2017-09-01 15:09:17 http] Addon ki not exists! | File: /var/www/html/toKernel.3/tokernel.framework/Kernel/HTTP/Runner.php | Line: 37
[2017-09-01 15:09:22 http] Addon ru not exists! | File: /var/www/html/toKernel.3/tokernel.framework/Kernel/HTTP/Runner.php | Line: 37
[2017-09-01 15:10:28 http] Addon ru not exists! | File: /var/www/html/toKernel.3/tokernel.framework/Kernel/HTTP/Runner.php | Line: 37
[2017-09-01 15:10:38 http] Addon exampled not exists! | File: /var/www/html/toKernel.3/tokernel.framework/Kernel/HTTP/Runner.php | Line: 37
[2017-09-01 15:10:43 http] Addon tokernel.3 not exists! | File: /var/www/html/toKernel.3/tokernel.framework/Kernel/HTTP/Runner.php | Line: 37
[2017-09-01 15:13:02 http] Addon tokernel.3 not exists! | File: /var/www/html/toKernel.3/tokernel.framework/Kernel/HTTP/Runner.php | Line: 37
[2017-09-01 15:13:07 http] Addon ru not exists! | File: /var/www/html/toKernel.3/tokernel.framework/Kernel/HTTP/Runner.php | Line: 37
[2017-09-01 15:14:35 http] Addon ru not exists! | File: /var/www/html/toKernel.3/tokernel.framework/Kernel/HTTP/Runner.php | Line: 37
[2017-09-01 15:15:14 http] Addon ru not exists! | File: /var/www/html/toKernel.3/tokernel.framework/Kernel/HTTP/Runner.php | Line: 37
[2017-09-01 15:15:56 http] Addon ru not exists! | File: /var/www/html/toKernel.3/tokernel.framework/Kernel/HTTP/Runner.php | Line: 37
[2017-09-01 15:16:45 http] Addon tokernel.3 not exists! | File: /var/www/html/toKernel.3/tokernel.framework/Kernel/HTTP/Runner.php | Line: 37
[2017-09-01 15:28:25 http] Addon ru not exists! | File: /var/www/html/toKernel.3/tokernel.framework/Kernel/HTTP/Runner.php | Line: 37
[2017-09-01 15:28:34 http] Addon ru not exists! | File: /var/www/html/toKernel.3/tokernel.framework/Kernel/HTTP/Runner.php | Line: 37
[2017-09-01 15:28:45 http] Action http_apidata() of Addon Example not exists! | File: /var/www/html/toKernel.3/tokernel.framework/Kernel/HTTP/Runner.php | Line: 61
[2017-09-01 15:30:41 http] Addon tokernel.3 not exists! | File: /var/www/html/toKernel.3/tokernel.framework/Kernel/HTTP/Runner.php | Line: 37
[2017-09-01 15:39:29 http] Addon tokernel.3 not exists! | File: /var/www/html/toKernel.3/tokernel.framework/Kernel/HTTP/Runner.php | Line: 71
[2017-09-01 15:39:56 http] Addon exampledf not exists! | File: /var/www/html/toKernel.3/tokernel.framework/Kernel/HTTP/Runner.php | Line: 71
[2017-09-01 15:40:03 http] Addon some not exists! | File: /var/www/html/toKernel.3/tokernel.framework/Kernel/HTTP/Runner.php | Line: 71
[2017-09-01 15:40:09 http] Addon some not exists! | File: /var/www/html/toKernel.3/tokernel.framework/Kernel/HTTP/Runner.php | Line: 71
[2017-09-01 15:41:16 http] Action http_test-web-page() of Addon Example not exists! | File: /var/www/html/toKernel.3/tokernel.framework/Kernel/HTTP/Runner.php | Line: 95
[2017-09-01 15:41:32 http] Addon ru not exists! | File: /var/www/html/toKernel.3/tokernel.framework/Kernel/HTTP/Runner.php | Line: 71
[2017-09-02 09:09:51 http] Addon some not exists! | File: /var/www/html/toKernel.3/tokernel.framework/Kernel/HTTP/Runner.php | Line: 28
[2017-09-02 09:09:54 http] Addon exampledf not exists! | File: /var/www/html/toKernel.3/tokernel.framework/Kernel/HTTP/Runner.php | Line: 28
[2017-09-02 09:10:11 http] Addon tokernel.3 not exists! | File: /var/www/html/toKernel.3/tokernel.framework/Kernel/HTTP/Runner.php | Line: 28
[2017-09-02 13:59:55 http] Addon ki not exists! | File: /var/www/html/toKernel.3/tokernel.framework/Kernel/HTTP/Runner.php | Line: 38
[2017-09-02 14:00:04 http] Addon ki not exists! | File: /var/www/html/toKernel.3/tokernel.framework/Kernel/HTTP/Runner.php | Line: 38
[2017-09-02 14:43:04 http] Addon ki not exists! | File: /var/www/html/toKernel.3/tokernel.framework/Kernel/HTTP/Runner.php | Line: 38
[2017-09-03 02:59:18 http] Addon ki not exists! | File: /var/www/html/toKernel.3/tokernel.framework/Kernel/HTTP/Runner.php | Line: 38
[2017-09-03 04:11:13 http] Addon ki not exists! | File: /var/www/html/toKernel.3/tokernel.framework/Kernel/HTTP/Runner.php | Line: 38
[2017-09-04 14:56:50 http] Addon ki not exists! | File: /var/www/html/toKernel.3/tokernel.framework/Kernel/HTTP/Runner.php | Line: 38
[2017-09-04 14:57:08 http] Addon ki not exists! | File: /var/www/html/toKernel.3/tokernel.framework/Kernel/HTTP/Runner.php | Line: 38
[2017-09-04 14:57:14 http] Addon ki not exists! | File: /var/www/html/toKernel.3/tokernel.framework/Kernel/HTTP/Runner.php | Line: 38
[2017-09-04 14:57:29 http] Addon ki not exists! | File: /var/www/html/toKernel.3/tokernel.framework/Kernel/HTTP/Runner.php | Line: 38
[2017-09-04 15:00:12 http] Addon ki not exists! | File: /var/www/html/toKernel.3/tokernel.framework/Kernel/HTTP/Runner.php | Line: 38
[2017-09-04 15:00:31 http] Addon ki not exists! | File: /var/www/html/toKernel.3/tokernel.framework/Kernel/HTTP/Runner.php | Line: 38
[2017-09-04 15:01:13 http] Addon ki not exists! | File: /var/www/html/toKernel.3/tokernel.framework/Kernel/HTTP/Runner.php | Line: 38
[2017-09-04 15:02:02 http] Addon ki not exists! | File: /var/www/html/toKernel.3/tokernel.framework/Kernel/HTTP/Runner.php | Line: 38
[2017-09-04 15:02:15 http] Addon tokernel.3 not exists! | File: /var/www/html/toKernel.3/tokernel.framework/Kernel/HTTP/Runner.php | Line: 38
[2017-09-04 15:02:23 http] Addon tokernel.3 not exists! | File: /var/www/html/toKernel.3/tokernel.framework/Kernel/HTTP/Runner.php | Line: 38
[2017-09-04 15:02:25 http] Addon exampledf not exists! | File: /var/www/html/toKernel.3/tokernel.framework/Kernel/HTTP/Runner.php | Line: 38
[2017-09-04 15:02:45 http] Addon some not exists! | File: /var/www/html/toKernel.3/tokernel.framework/Kernel/HTTP/Runner.php | Line: 38
[2017-09-04 15:22:47 http] Addon tokernel.3 not exists! | File: /var/www/html/toKernel.3/tokernel.framework/Kernel/HTTP/Runner.php | Line: 38
[2017-09-04 15:23:54 http] Addon f not exists! | File: /var/www/html/toKernel.3/tokernel.framework/Kernel/HTTP/Runner.php | Line: 38
[2017-09-04 15:24:01 http] Addon backend not exists! | File: /var/www/html/toKernel.3/tokernel.framework/Kernel/HTTP/Runner.php | Line: 38
[2017-09-04 15:37:13 http] Addon ki not exists! | File: /var/www/html/toKernel.3/tokernel.framework/Kernel/HTTP/Runner.php | Line: 38
[2017-09-04 15:37:42 http] Addon apidata not exists! | File: /var/www/html/toKernel.3/tokernel.framework/Kernel/HTTP/Runner.php | Line: 38
[2017-09-04 15:38:15 http] Addon apidata not exists! | File: /var/www/html/toKernel.3/tokernel.framework/Kernel/HTTP/Runner.php | Line: 38
[2017-11-01 00:04:59 http] Addon v1 not exists! | File: /var/www/html/toKernel.3/tokernel.framework/Kernel/HTTP/Runner.php | Line: 38
