[2017-08-29 03:27:59 http] Test Error Exception! | File: /var/www/html/toKernel.3/tokernel.framework/kernel/HTTP/Runner.php | Line: 22
[2017-08-29 03:28:26 http] Test Error Exception! | File: /var/www/html/toKernel.3/tokernel.framework/kernel/HTTP/Runner.php | Line: 22
[2017-08-29 03:28:58 http] Test Error Exception! | File: /var/www/html/toKernel.3/tokernel.framework/kernel/HTTP/Runner.php | Line: 22
[2017-08-29 03:29:12 http] Test Error Exception! | File: /var/www/html/toKernel.3/tokernel.framework/kernel/HTTP/Runner.php | Line: 22
[2017-08-29 03:43:14 http] Test Error Exception! | File: /var/www/html/toKernel.3/tokernel.framework/kernel/HTTP/Runner.php | Line: 22
[2017-08-29 03:43:30 http] Test Error Exception! | File: /var/www/html/toKernel.3/tokernel.framework/kernel/HTTP/Runner.php | Line: 22
[2017-08-29 03:49:20 http] Test Error Exception! | File: /var/www/html/toKernel.3/tokernel.framework/kernel/HTTP/Runner.php | Line: 22
[2017-08-29 03:49:28 http] Test Error Exception! | File: /var/www/html/toKernel.3/tokernel.framework/kernel/HTTP/Runner.php | Line: 22
[2017-08-29 03:49:30 http] Test Error Exception! | File: /var/www/html/toKernel.3/tokernel.framework/kernel/HTTP/Runner.php | Line: 22
[2017-08-29 04:04:01 http] Test Error Exception! | File: /var/www/html/toKernel.3/tokernel.framework/kernel/HTTP/Runner.php | Line: 22
[2017-08-29 04:04:24 http] Test Error Exception! | File: /var/www/html/toKernel.3/tokernel.framework/kernel/HTTP/Runner.php | Line: 22
[2017-08-29 04:04:45 http] Test Error Exception! | File: /var/www/html/toKernel.3/tokernel.framework/kernel/HTTP/Runner.php | Line: 22
[2017-08-29 04:05:20 http] Test Error Exception! | File: /var/www/html/toKernel.3/tokernel.framework/kernel/HTTP/Runner.php | Line: 22
[2017-08-29 04:23:39 http] Test Error Exception! | File: /var/www/html/toKernel.3/tokernel.framework/kernel/HTTP/Runner.php | Line: 22
[2017-08-29 04:24:26 http] Test Error Exception! | File: /var/www/html/toKernel.3/tokernel.framework/kernel/HTTP/Runner.php | Line: 22
[2017-08-29 04:24:53 http] Test Error Exception! | File: /var/www/html/toKernel.3/tokernel.framework/kernel/HTTP/Runner.php | Line: 22
[2017-08-29 04:26:01 http] Test Error Exception! | File: /var/www/html/toKernel.3/tokernel.framework/kernel/HTTP/Runner.php | Line: 22
[2017-08-29 04:26:15 http] Test Error Exception! | File: /var/www/html/toKernel.3/tokernel.framework/kernel/HTTP/Runner.php | Line: 22
[2017-08-29 04:26:57 http] Test Error Exception! | File: /var/www/html/toKernel.3/tokernel.framework/kernel/HTTP/Runner.php | Line: 22
[2017-08-29 04:29:04 http] Test Error Exception! | File: /var/www/html/toKernel.3/tokernel.framework/kernel/HTTP/Runner.php | Line: 22
[2017-08-29 04:31:19 http] Test Error Exception! | File: /var/www/html/toKernel.3/tokernel.framework/kernel/HTTP/Runner.php | Line: 22
[2017-08-29 04:37:19 http] Test Error Exception! | File: /var/www/html/toKernel.3/tokernel.framework/kernel/HTTP/Runner.php | Line: 22
[2017-08-29 04:37:31 http] Test Error Exception! | File: /var/www/html/toKernel.3/tokernel.framework/kernel/HTTP/Runner.php | Line: 22
[2017-08-29 04:39:52 http] Test Error Exception! | File: /var/www/html/toKernel.3/tokernel.framework/kernel/HTTP/Runner.php | Line: 22
[2017-08-29 04:40:08 http] Test Error Exception! | File: /var/www/html/toKernel.3/tokernel.framework/kernel/HTTP/Runner.php | Line: 22
[2017-08-29 04:40:15 http] Test Error Exception! | File: /var/www/html/toKernel.3/tokernel.framework/kernel/HTTP/Runner.php | Line: 22
[2017-08-29 04:40:47 http] Test Error Exception! | File: /var/www/html/toKernel.3/tokernel.framework/kernel/HTTP/Runner.php | Line: 22
[2017-08-29 04:48:08 http] Test Error Exception! | File: /var/www/html/toKernel.3/tokernel.framework/kernel/HTTP/Runner.php | Line: 22
[2017-08-29 04:50:06 http] Test Error Exception! | File: /var/www/html/toKernel.3/tokernel.framework/kernel/HTTP/Runner.php | Line: 22
[2017-08-29 04:50:09 http] Test Error Exception! | File: /var/www/html/toKernel.3/tokernel.framework/kernel/HTTP/Runner.php | Line: 22
[2017-08-29 04:52:35 http] Test Error Exception! | File: /var/www/html/toKernel.3/tokernel.framework/kernel/HTTP/Runner.php | Line: 22
[2017-08-29 04:52:37 http] Test Error Exception! | File: /var/www/html/toKernel.3/tokernel.framework/kernel/HTTP/Runner.php | Line: 22
[2017-08-29 04:53:34 http] Test Error Exception! | File: /var/www/html/toKernel.3/tokernel.framework/kernel/HTTP/Runner.php | Line: 22
[2017-08-29 04:55:20 http] Test Error Exception! | File: /var/www/html/toKernel.3/tokernel.framework/kernel/HTTP/Runner.php | Line: 22
[2017-08-29 04:55:49 http] Test Error Exception! | File: /var/www/html/toKernel.3/tokernel.framework/kernel/HTTP/Runner.php | Line: 22
[2017-08-29 04:57:29 http] Test Error Exception! | File: /var/www/html/toKernel.3/tokernel.framework/kernel/HTTP/Runner.php | Line: 22
[2017-08-29 04:58:11 http] Test Error Exception! | File: /var/www/html/toKernel.3/tokernel.framework/kernel/HTTP/Runner.php | Line: 22
[2017-08-29 12:25:19 http] Test Error Exception! | File: /var/www/html/toKernel.3/tokernel.framework/kernel/HTTP/Runner.php | Line: 22
[2017-08-30 01:40:43 http] Test Error Exception! | File: /var/www/html/toKernel.3/tokernel.framework/kernel/HTTP/Runner.php | Line: 22
[2017-08-30 04:17:29 http] Test Error Exception! | File: /var/www/html/toKernel.3/tokernel.framework/kernel/HTTP/Runner.php | Line: 22
[2017-08-30 04:17:44 http] Test Error Exception! | File: /var/www/html/toKernel.3/tokernel.framework/kernel/HTTP/Runner.php | Line: 22
[2017-08-31 03:04:09 http] Test Error Exception! | File: /var/www/html/toKernel.3/tokernel.framework/kernel/HTTP/Runner.php | Line: 22
[2017-08-31 03:22:19 http] Test Error Exception! | File: /var/www/html/toKernel.3/tokernel.framework/kernel/HTTP/Runner.php | Line: 22
[2017-08-31 03:22:24 http] Test Error Exception! | File: /var/www/html/toKernel.3/tokernel.framework/kernel/HTTP/Runner.php | Line: 22
[2017-08-31 03:22:29 http] Test Error Exception! | File: /var/www/html/toKernel.3/tokernel.framework/kernel/HTTP/Runner.php | Line: 22
[2017-08-31 03:22:47 http] Test Error Exception! | File: /var/www/html/toKernel.3/tokernel.framework/kernel/HTTP/Runner.php | Line: 22
[2017-08-31 03:23:26 http] Test Error Exception! | File: /var/www/html/toKernel.3/tokernel.framework/kernel/HTTP/Runner.php | Line: 22
[2017-08-31 03:24:32 http] Test Error Exception! | File: /var/www/html/toKernel.3/tokernel.framework/kernel/HTTP/Runner.php | Line: 22
[2017-08-31 03:24:46 http] Test Error Exception! | File: /var/www/html/toKernel.3/tokernel.framework/kernel/HTTP/Runner.php | Line: 22
[2017-08-31 03:25:16 http] Test Error Exception! | File: /var/www/html/toKernel.3/tokernel.framework/kernel/HTTP/Runner.php | Line: 22
[2017-08-31 03:25:24 http] Test Error Exception! | File: /var/www/html/toKernel.3/tokernel.framework/kernel/HTTP/Runner.php | Line: 22
[2017-08-31 03:25:30 http] Test Error Exception! | File: /var/www/html/toKernel.3/tokernel.framework/kernel/HTTP/Runner.php | Line: 22
[2017-08-31 03:25:42 http] Test Error Exception! | File: /var/www/html/toKernel.3/tokernel.framework/kernel/HTTP/Runner.php | Line: 22
[2017-08-31 03:28:27 http] Test Error Exception! | File: /var/www/html/toKernel.3/tokernel.framework/kernel/HTTP/Runner.php | Line: 22
[2017-08-31 03:28:36 http] Test Error Exception! | File: /var/www/html/toKernel.3/tokernel.framework/kernel/HTTP/Runner.php | Line: 22
[2017-08-31 03:28:50 http] Test Error Exception! | File: /var/www/html/toKernel.3/tokernel.framework/kernel/HTTP/Runner.php | Line: 22
[2017-08-31 03:29:10 http] Test Error Exception! | File: /var/www/html/toKernel.3/tokernel.framework/kernel/HTTP/Runner.php | Line: 22
[2017-08-31 03:30:00 http] Test Error Exception! | File: /var/www/html/toKernel.3/tokernel.framework/kernel/HTTP/Runner.php | Line: 22
[2017-08-31 03:30:26 http] Test Error Exception! | File: /var/www/html/toKernel.3/tokernel.framework/kernel/HTTP/Runner.php | Line: 22
[2017-08-31 03:31:18 http] Test Error Exception! | File: /var/www/html/toKernel.3/tokernel.framework/kernel/HTTP/Runner.php | Line: 22
[2017-08-31 03:31:20 http] Test Error Exception! | File: /var/www/html/toKernel.3/tokernel.framework/kernel/HTTP/Runner.php | Line: 22
[2017-08-31 03:31:24 http] Test Error Exception! | File: /var/www/html/toKernel.3/tokernel.framework/kernel/HTTP/Runner.php | Line: 22
[2017-08-31 03:31:27 http] Test Error Exception! | File: /var/www/html/toKernel.3/tokernel.framework/kernel/HTTP/Runner.php | Line: 22
[2017-08-31 03:31:29 http] Test Error Exception! | File: /var/www/html/toKernel.3/tokernel.framework/kernel/HTTP/Runner.php | Line: 22
[2017-08-31 03:31:40 http] Test Error Exception! | File: /var/www/html/toKernel.3/tokernel.framework/kernel/HTTP/Runner.php | Line: 22
[2017-08-31 03:37:17 http] Test Error Exception! | File: /var/www/html/toKernel.3/tokernel.framework/Kernel/HTTP/Runner.php | Line: 22
[2017-08-31 03:37:19 http] Test Error Exception! | File: /var/www/html/toKernel.3/tokernel.framework/Kernel/HTTP/Runner.php | Line: 22
[2017-08-31 03:37:22 http] Test Error Exception! | File: /var/www/html/toKernel.3/tokernel.framework/Kernel/HTTP/Runner.php | Line: 22
[2017-08-31 03:46:45 cli] Test Error Exception! | File: /var/www/html/toKernel.3/tokernel.framework/Kernel/CLI/Runner.php | Line: 19
[2017-08-31 03:49:44 cli] Test Error Exception! | File: /var/www/html/toKernel.3/tokernel.framework/Kernel/CLI/Runner.php | Line: 19
[2017-08-31 03:50:36 cli] Test Error Exception! | File: /var/www/html/toKernel.3/tokernel.framework/Kernel/CLI/Runner.php | Line: 19
[2017-08-31 03:50:41 cli] Test Error Exception! | File: /var/www/html/toKernel.3/tokernel.framework/Kernel/CLI/Runner.php | Line: 19
[2017-08-31 03:50:55 cli] Test Error Exception! | File: /var/www/html/toKernel.3/tokernel.framework/Kernel/CLI/Runner.php | Line: 19
[2017-08-31 03:52:48 cli] Test Error Exception! | File: /var/www/html/toKernel.3/tokernel.framework/Kernel/CLI/Runner.php | Line: 19
[2017-08-31 03:56:21 cli] Test Error Exception! | File: /var/www/html/toKernel.3/tokernel.framework/Kernel/CLI/Runner.php | Line: 28
[2017-08-31 03:57:26 cli] Test Error Exception! | File: /var/www/html/toKernel.3/tokernel.framework/Kernel/CLI/Runner.php | Line: 25
[2017-08-31 03:58:33 cli] Test Error Exception! | File: /var/www/html/toKernel.3/tokernel.framework/Kernel/CLI/Runner.php | Line: 25
[2017-08-31 04:01:04 cli] Test Error Exception! | File: /var/www/html/toKernel.3/tokernel.framework/Kernel/CLI/Runner.php | Line: 25
[2017-08-31 04:01:07 cli] Test Error Exception! | File: /var/www/html/toKernel.3/tokernel.framework/Kernel/CLI/Runner.php | Line: 25
[2017-08-31 04:03:00 http] Test Error Exception! | File: /var/www/html/toKernel.3/tokernel.framework/Kernel/HTTP/Runner.php | Line: 22
[2017-08-31 04:03:04 cli] Test Error Exception! | File: /var/www/html/toKernel.3/tokernel.framework/Kernel/CLI/Runner.php | Line: 25
[2017-08-31 04:04:39 cli] Test Error Exception! | File: /var/www/html/toKernel.3/tokernel.framework/Kernel/CLI/Runner.php | Line: 25
[2017-08-31 04:04:57 cli] Test Error Exception! | File: /var/www/html/toKernel.3/tokernel.framework/Kernel/CLI/Runner.php | Line: 25
[2017-08-31 04:06:28 cli] Test Error Exception! | File: /var/www/html/toKernel.3/tokernel.framework/Kernel/CLI/Runner.php | Line: 25
[2017-08-31 04:06:50 cli] Test Error Exception! | File: /var/www/html/toKernel.3/tokernel.framework/Kernel/CLI/Runner.php | Line: 25
[2017-08-31 04:08:22 cli] Test Error Exception! | File: /var/www/html/toKernel.3/tokernel.framework/Kernel/CLI/Runner.php | Line: 25
[2017-08-31 04:09:02 cli] Test Error Exception! | File: /var/www/html/toKernel.3/tokernel.framework/Kernel/CLI/Runner.php | Line: 25
[2017-08-31 04:09:43 cli] Test Error Exception! | File: /var/www/html/toKernel.3/tokernel.framework/Kernel/CLI/Runner.php | Line: 25
[2017-08-31 04:10:01 cli] Test Error Exception! | File: /var/www/html/toKernel.3/tokernel.framework/Kernel/CLI/Runner.php | Line: 25
[2017-08-31 04:10:19 cli] Test Error Exception! | File: /var/www/html/toKernel.3/tokernel.framework/Kernel/CLI/Runner.php | Line: 25
[2017-08-31 04:10:39 cli] Test Error Exception! | File: /var/www/html/toKernel.3/tokernel.framework/Kernel/CLI/Runner.php | Line: 25
[2017-08-31 04:11:15 cli] Test Error Exception! | File: /var/www/html/toKernel.3/tokernel.framework/Kernel/CLI/Runner.php | Line: 25
[2017-08-31 04:11:59 cli] Test Error Exception! | File: /var/www/html/toKernel.3/tokernel.framework/Kernel/CLI/Runner.php | Line: 25
[2017-08-31 04:12:01 cli] Test Error Exception! | File: /var/www/html/toKernel.3/tokernel.framework/Kernel/CLI/Runner.php | Line: 25
[2017-08-31 04:13:33 http] Test Error Exception! | File: /var/www/html/toKernel.3/tokernel.framework/Kernel/HTTP/Runner.php | Line: 22
[2017-08-31 04:13:44 http] Test Error Exception! | File: /var/www/html/toKernel.3/tokernel.framework/Kernel/HTTP/Runner.php | Line: 22
[2017-08-31 04:14:01 http] Test Error Exception! | File: /var/www/html/toKernel.3/tokernel.framework/Kernel/HTTP/Runner.php | Line: 22
[2017-08-31 04:37:59 http] Test Error Exception! | File: /var/www/html/toKernel.3/tokernel.framework/Kernel/HTTP/Runner.php | Line: 22
[2017-08-31 04:38:04 cli] Test Error Exception! | File: /var/www/html/toKernel.3/tokernel.framework/Kernel/CLI/Runner.php | Line: 25
[2017-08-31 04:38:57 cli] Test Error Exception! | File: /var/www/html/toKernel.3/tokernel.framework/Kernel/CLI/Runner.php | Line: 25
[2017-08-31 04:38:58 cli] Test Error Exception! | File: /var/www/html/toKernel.3/tokernel.framework/Kernel/CLI/Runner.php | Line: 25
[2017-08-31 04:39:31 cli] Test Error Exception! | File: /var/www/html/toKernel.3/tokernel.framework/Kernel/CLI/Runner.php | Line: 25
[2017-08-31 11:13:43 http] Test Error Exception! | File: /var/www/html/toKernel.3/tokernel.framework/Kernel/HTTP/Runner.php | Line: 22
[2017-08-31 11:29:52 http] Test Error Exception! | File: /var/www/html/toKernel.3/tokernel.framework/Kernel/HTTP/Runner.php | Line: 22
[2017-08-31 11:29:55 http] Test Error Exception! | File: /var/www/html/toKernel.3/tokernel.framework/Kernel/HTTP/Runner.php | Line: 22
[2017-08-31 11:29:58 http] Test Error Exception! | File: /var/www/html/toKernel.3/tokernel.framework/Kernel/HTTP/Runner.php | Line: 22
[2017-08-31 13:48:51 http] Test Error Exception! | File: /var/www/html/toKernel.3/tokernel.framework/Kernel/HTTP/Runner.php | Line: 22
[2017-09-01 01:28:47 http] Test Error Exception! | File: /var/www/html/toKernel.3/tokernel.framework/Kernel/HTTP/Runner.php | Line: 22
[2017-09-01 01:28:56 http] Test Error Exception! | File: /var/www/html/toKernel.3/tokernel.framework/Kernel/HTTP/Runner.php | Line: 22
[2017-09-01 01:29:03 http] Test Error Exception! | File: /var/www/html/toKernel.3/tokernel.framework/Kernel/HTTP/Runner.php | Line: 22
[2017-09-01 01:29:15 http] Test Error Exception! | File: /var/www/html/toKernel.3/tokernel.framework/Kernel/HTTP/Runner.php | Line: 22
[2017-09-01 07:27:10 http] Test Error Exception! | File: /var/www/html/toKernel.3/tokernel.framework/Kernel/HTTP/Runner.php | Line: 22
[2017-09-01 07:46:48 http] Test Error Exception! | File: /var/www/html/toKernel.3/tokernel.framework/Kernel/HTTP/Runner.php | Line: 22
[2017-09-01 10:30:41 cli] Test Error Exception! | File: /var/www/html/toKernel.3/tokernel.framework/Kernel/CLI/Runner.php | Line: 25
[2017-09-01 10:33:54 cli] This is exception! | File: /var/www/html/toKernel.3/tokernel.framework/Kernel/CLI/Runner.php | Line: 29
[2017-09-01 10:49:32 http] Test Error Exception! | File: /var/www/html/toKernel.3/tokernel.framework/Kernel/HTTP/Runner.php | Line: 22
[2017-09-01 11:29:35 cli] Addon s not exists! | File: /var/www/html/toKernel.3/tokernel.framework/Kernel/CLI/Runner.php | Line: 26
[2017-09-01 14:45:43 http] Something HERE! EXP! | File: /var/www/html/toKernel.3/application/Addons/Example.php | Line: 44
[2017-09-01 14:47:43 cli] Error in CLI! | File: /var/www/html/toKernel.3/application/Addons/Example.php | Line: 66
[2017-09-01 14:48:03 cli] Error in CLI! | File: /var/www/html/toKernel.3/application/Addons/Example.php | Line: 66
[2017-09-01 14:52:05 cli] Error in CLI! | File: /var/www/html/toKernel.3/application/Addons/Example.php | Line: 66
[2017-09-01 14:55:03 cli] Error in CLI! | File: /var/www/html/toKernel.3/application/Addons/Example.php | Line: 66
[2017-09-01 14:57:45 cli] Error in CLI! | File: /var/www/html/toKernel.3/application/Addons/Example.php | Line: 66
[2017-09-01 14:58:45 cli] Error in CLI! | File: /var/www/html/toKernel.3/application/Addons/Example.php | Line: 66
[2017-09-01 14:59:28 cli] Error in CLI! | File: /var/www/html/toKernel.3/application/Addons/Example.php | Line: 66
[2017-09-01 15:01:49 cli] Error in CLI! | File: /var/www/html/toKernel.3/application/Addons/Example.php | Line: 66
[2017-09-01 15:02:37 cli] Error in CLI! | File: /var/www/html/toKernel.3/application/Addons/Example.php | Line: 66
[2017-09-01 15:05:07 cli] Error in CLI! | File: /var/www/html/toKernel.3/application/Addons/Example.php | Line: 66
[2017-09-01 15:05:29 http] Something HERE! EXP! | File: /var/www/html/toKernel.3/application/Addons/Example.php | Line: 44
[2017-09-01 15:05:32 cli] Error in CLI! | File: /var/www/html/toKernel.3/application/Addons/Example.php | Line: 66
[2017-09-01 15:05:43 cli] Error in CLI! | File: /var/www/html/toKernel.3/application/Addons/Example.php | Line: 66
[2017-09-01 15:05:54 http] Something HERE! EXP! | File: /var/www/html/toKernel.3/application/Addons/Example.php | Line: 44
[2017-09-01 15:06:22 http] Something HERE! EXP! | File: /var/www/html/toKernel.3/application/Addons/Example.php | Line: 44
[2017-09-01 15:08:38 http] File `/var/www/html/toKernel.3/application/Languages/hy.ini` not readable! | File: /var/www/html/toKernel.3/tokernel.framework/Lib/Ini.php | Line: 192
[2017-09-01 15:08:57 http] File `/var/www/html/toKernel.3/application/Languages/hy.ini` not readable! | File: /var/www/html/toKernel.3/tokernel.framework/Lib/Ini.php | Line: 192
[2017-09-01 15:09:22 http] File `/var/www/html/toKernel.3/application/Languages/hy.ini` not readable! | File: /var/www/html/toKernel.3/tokernel.framework/Lib/Ini.php | Line: 192
[2017-09-01 15:10:28 http] File `/var/www/html/toKernel.3/application/Languages/hy.ini` not readable! | File: /var/www/html/toKernel.3/tokernel.framework/Lib/Ini.php | Line: 192
[2017-09-01 15:10:41 http] Something HERE! EXP! | File: /var/www/html/toKernel.3/application/Addons/Example.php | Line: 44
[2017-09-01 15:13:07 http] File `/var/www/html/toKernel.3/application/Languages/hy.ini` not readable! | File: /var/www/html/toKernel.3/tokernel.framework/Lib/Ini.php | Line: 192
[2017-09-01 15:16:53 http] Something HERE! EXP! | File: /var/www/html/toKernel.3/application/Addons/Example.php | Line: 44
[2017-09-01 15:17:00 http] Something HERE! EXP! | File: /var/www/html/toKernel.3/application/Addons/Example.php | Line: 44
[2017-09-01 15:27:08 http] Something HERE! EXP! | File: /var/www/html/toKernel.3/application/Addons/Example.php | Line: 44
[2017-09-01 15:27:57 http] Something HERE! EXP! | File: /var/www/html/toKernel.3/application/Addons/Example.php | Line: 44
[2017-09-01 15:28:16 http] Something HERE! EXP! | File: /var/www/html/toKernel.3/application/Addons/Example.php | Line: 44
[2017-09-01 15:36:56 http] Something HERE! EXP! | File: /var/www/html/toKernel.3/application/Addons/Example.php | Line: 44
[2017-09-01 15:39:28 http] Something HERE! EXP! | File: /var/www/html/toKernel.3/application/Addons/Example.php | Line: 44
[2017-09-01 15:40:44 http] Something HERE! EXP! | File: /var/www/html/toKernel.3/application/Addons/Example.php | Line: 44
[2017-09-04 15:00:12 http] Output content is not Json! | File: /var/www/html/toKernel.3/tokernel.framework/Kernel/HTTP/Response.php | Line: 239
[2017-09-04 15:00:31 http] Output content is not Json! | File: /var/www/html/toKernel.3/tokernel.framework/Kernel/HTTP/Response.php | Line: 239
[2017-09-04 15:09:15 http] Output content is Json! | File: /var/www/html/toKernel.3/tokernel.framework/Kernel/HTTP/Response.php | Line: 257
